<?xml version="1.0" encoding="UTF-8"?>
<coverage generated="1528202304111" clover="3.2.0">
  <project timestamp="1528202304111" name="All files">
    <metrics statements="124" coveredstatements="117" conditionals="31" coveredconditionals="27" methods="37" coveredmethods="34" elements="192" coveredelements="178" complexity="0" loc="124" ncloc="124" packages="2" files="8" classes="8">
      <package name="API">
        <metrics statements="41" coveredstatements="41" conditionals="17" coveredconditionals="17" methods="8" coveredmethods="8"/>
        <file name="analyze.js" path="C:\Users\Sephirothbahamut\Documents\Programming\Node\API\analyze.js">
          <metrics statements="41" coveredstatements="41" conditionals="17" coveredconditionals="17" methods="8" coveredmethods="8"/>
          <line num="1" count="1" type="stmt"/>
          <line num="2" count="1" type="stmt"/>
          <line num="3" count="1" type="stmt"/>
          <line num="4" count="1" type="stmt"/>
          <line num="9" count="1" type="stmt"/>
          <line num="10" count="1" type="stmt"/>
          <line num="11" count="1" type="stmt"/>
          <line num="12" count="1" type="stmt"/>
          <line num="16" count="1" type="stmt"/>
          <line num="18" count="14" type="stmt"/>
          <line num="19" count="4" type="stmt"/>
          <line num="20" count="8" type="stmt"/>
          <line num="26" count="16" type="stmt"/>
          <line num="29" count="16" type="cond" truecount="2" falsecount="0"/>
          <line num="31" count="11" type="cond" truecount="9" falsecount="0"/>
          <line num="34" count="1" type="stmt"/>
          <line num="35" count="1" type="stmt"/>
          <line num="37" count="3" type="stmt"/>
          <line num="38" count="3" type="stmt"/>
          <line num="40" count="3" type="stmt"/>
          <line num="41" count="3" type="stmt"/>
          <line num="43" count="3" type="stmt"/>
          <line num="44" count="3" type="stmt"/>
          <line num="46" count="1" type="stmt"/>
          <line num="47" count="1" type="stmt"/>
          <line num="52" count="5" type="stmt"/>
          <line num="55" count="16" type="cond" truecount="2" falsecount="0"/>
          <line num="57" count="5" type="stmt"/>
          <line num="58" count="5" type="stmt"/>
          <line num="60" count="14" type="cond" truecount="2" falsecount="0"/>
          <line num="62" count="1" type="stmt"/>
          <line num="64" count="14" type="stmt"/>
          <line num="65" count="14" type="stmt"/>
          <line num="67" count="5" type="stmt"/>
          <line num="70" count="4" type="stmt"/>
          <line num="78" count="11" type="cond" truecount="2" falsecount="0"/>
          <line num="80" count="10" type="stmt"/>
          <line num="82" count="2" type="stmt"/>
          <line num="86" count="5" type="stmt"/>
          <line num="91" count="1" type="stmt"/>
          <line num="97" count="1" type="stmt"/>
        </file>
      </package>
      <package name="API.api_calls">
        <metrics statements="83" coveredstatements="76" conditionals="14" coveredconditionals="10" methods="29" coveredmethods="26"/>
        <file name="all.js" path="C:\Users\Sephirothbahamut\Documents\Programming\Node\API\api_calls\all.js">
          <metrics statements="14" coveredstatements="13" conditionals="0" coveredconditionals="0" methods="5" coveredmethods="4"/>
          <line num="2" count="1" type="stmt"/>
          <line num="3" count="1" type="stmt"/>
          <line num="4" count="1" type="stmt"/>
          <line num="5" count="1" type="stmt"/>
          <line num="15" count="1" type="stmt"/>
          <line num="17" count="8" type="stmt"/>
          <line num="24" count="8" type="stmt"/>
          <line num="26" count="3" type="stmt"/>
          <line num="27" count="3" type="stmt"/>
          <line num="28" count="3" type="stmt"/>
          <line num="29" count="3" type="stmt"/>
          <line num="31" count="3" type="stmt"/>
          <line num="34" count="0" type="stmt"/>
          <line num="44" count="4" type="stmt"/>
        </file>
        <file name="amazon.js" path="C:\Users\Sephirothbahamut\Documents\Programming\Node\API\api_calls\amazon.js">
          <metrics statements="14" coveredstatements="13" conditionals="2" coveredconditionals="1" methods="3" coveredmethods="3"/>
          <line num="4" count="1" type="stmt"/>
          <line num="5" count="1" type="stmt"/>
          <line num="7" count="1" type="stmt"/>
          <line num="9" count="1" type="stmt"/>
          <line num="11" count="6" type="stmt"/>
          <line num="18" count="6" type="stmt"/>
          <line num="19" count="6" type="stmt"/>
          <line num="20" count="6" type="stmt"/>
          <line num="21" count="6" type="stmt"/>
          <line num="23" count="6" type="stmt"/>
          <line num="31" count="6" type="stmt"/>
          <line num="33" count="6" type="cond" truecount="1" falsecount="1"/>
          <line num="34" count="6" type="stmt"/>
          <line num="36" count="0" type="stmt"/>
        </file>
        <file name="amazon_wrapper.js" path="C:\Users\Sephirothbahamut\Documents\Programming\Node\API\api_calls\amazon_wrapper.js">
          <metrics statements="9" coveredstatements="8" conditionals="0" coveredconditionals="0" methods="6" coveredmethods="5"/>
          <line num="2" count="1" type="stmt"/>
          <line num="3" count="1" type="stmt"/>
          <line num="5" count="1" type="stmt"/>
          <line num="7" count="5" type="stmt"/>
          <line num="14" count="5" type="stmt"/>
          <line num="16" count="3" type="stmt"/>
          <line num="19" count="0" type="stmt"/>
          <line num="23" count="3" type="stmt"/>
          <line num="28" count="2" type="stmt"/>
        </file>
        <file name="download.js" path="C:\Users\Sephirothbahamut\Documents\Programming\Node\API\api_calls\download.js">
          <metrics statements="11" coveredstatements="11" conditionals="4" coveredconditionals="4" methods="3" coveredmethods="3"/>
          <line num="2" count="1" type="stmt"/>
          <line num="3" count="1" type="stmt"/>
          <line num="5" count="1" type="stmt"/>
          <line num="7" count="18" type="stmt"/>
          <line num="10" count="18" type="stmt"/>
          <line num="17" count="18" type="stmt"/>
          <line num="19" count="16" type="cond" truecount="2" falsecount="0"/>
          <line num="21" count="3" type="stmt"/>
          <line num="25" count="13" type="cond" truecount="2" falsecount="0"/>
          <line num="27" count="9" type="stmt"/>
          <line num="31" count="4" type="stmt"/>
        </file>
        <file name="google.js" path="C:\Users\Sephirothbahamut\Documents\Programming\Node\API\api_calls\google.js">
          <metrics statements="13" coveredstatements="11" conditionals="4" coveredconditionals="2" methods="3" coveredmethods="3"/>
          <line num="4" count="1" type="stmt"/>
          <line num="5" count="1" type="stmt"/>
          <line num="7" count="1" type="stmt"/>
          <line num="9" count="6" type="stmt"/>
          <line num="17" count="6" type="stmt"/>
          <line num="19" count="6" type="stmt"/>
          <line num="37" count="6" type="stmt"/>
          <line num="45" count="6" type="stmt"/>
          <line num="47" count="4" type="cond" truecount="1" falsecount="1"/>
          <line num="48" count="0" type="stmt"/>
          <line num="49" count="4" type="cond" truecount="1" falsecount="1"/>
          <line num="50" count="0" type="stmt"/>
          <line num="53" count="4" type="stmt"/>
        </file>
        <file name="google_wrapper.js" path="C:\Users\Sephirothbahamut\Documents\Programming\Node\API\api_calls\google_wrapper.js">
          <metrics statements="9" coveredstatements="8" conditionals="0" coveredconditionals="0" methods="6" coveredmethods="5"/>
          <line num="2" count="1" type="stmt"/>
          <line num="3" count="1" type="stmt"/>
          <line num="5" count="1" type="stmt"/>
          <line num="7" count="5" type="stmt"/>
          <line num="14" count="5" type="stmt"/>
          <line num="17" count="3" type="stmt"/>
          <line num="20" count="3" type="stmt"/>
          <line num="24" count="0" type="stmt"/>
          <line num="29" count="2" type="stmt"/>
        </file>
        <file name="microsoft.js" path="C:\Users\Sephirothbahamut\Documents\Programming\Node\API\api_calls\microsoft.js">
          <metrics statements="13" coveredstatements="12" conditionals="4" coveredconditionals="3" methods="3" coveredmethods="3"/>
          <line num="4" count="1" type="stmt"/>
          <line num="5" count="1" type="stmt"/>
          <line num="7" count="1" type="stmt"/>
          <line num="9" count="8" type="stmt"/>
          <line num="17" count="8" type="stmt"/>
          <line num="23" count="8" type="stmt"/>
          <line num="28" count="8" type="stmt"/>
          <line num="40" count="8" type="stmt"/>
          <line num="42" count="6" type="cond" truecount="1" falsecount="1"/>
          <line num="43" count="0" type="stmt"/>
          <line num="44" count="6" type="cond" truecount="2" falsecount="0"/>
          <line num="46" count="2" type="stmt"/>
          <line num="49" count="4" type="stmt"/>
        </file>
      </package>
    </metrics>
  </project>
</coverage>
