{"C:\\Users\\Sephirothbahamut\\Documents\\Programming\\Node\\API\\analyze.js": {"path":"C:\\Users\\Sephirothbahamut\\Documents\\Programming\\Node\\API\\analyze.js","statementMap":{"0":{"start":{"line":1,"column":14},"end":{"line":1,"column":43}},"1":{"start":{"line":2,"column":20},"end":{"line":2,"column":66}},"2":{"start":{"line":3,"column":17},"end":{"line":3,"column":68}},"3":{"start":{"line":4,"column":17},"end":{"line":4,"column":68}},"4":{"start":{"line":9,"column":10},"end":{"line":9,"column":12}},"5":{"start":{"line":10,"column":0},"end":{"line":10,"column":37}},"6":{"start":{"line":11,"column":0},"end":{"line":11,"column":108}},"7":{"start":{"line":12,"column":0},"end":{"line":12,"column":64}},"8":{"start":{"line":16,"column":23},"end":{"line":21,"column":2}},"9":{"start":{"line":18,"column":1},"end":{"line":20,"column":26}},"10":{"start":{"line":19,"column":18},"end":{"line":19,"column":24}},"11":{"start":{"line":20,"column":18},"end":{"line":20,"column":23}},"12":{"start":{"line":26,"column":1},"end":{"line":95,"column":5}},"13":{"start":{"line":29,"column":2},"end":{"line":53,"column":4}},"14":{"start":{"line":31,"column":3},"end":{"line":48,"column":5}},"15":{"start":{"line":34,"column":5},"end":{"line":34,"column":21}},"16":{"start":{"line":35,"column":5},"end":{"line":35,"column":11}},"17":{"start":{"line":37,"column":5},"end":{"line":37,"column":27}},"18":{"start":{"line":38,"column":5},"end":{"line":38,"column":11}},"19":{"start":{"line":40,"column":5},"end":{"line":40,"column":24}},"20":{"start":{"line":41,"column":5},"end":{"line":41,"column":11}},"21":{"start":{"line":43,"column":5},"end":{"line":43,"column":24}},"22":{"start":{"line":44,"column":5},"end":{"line":44,"column":11}},"23":{"start":{"line":46,"column":5},"end":{"line":46,"column":145}},"24":{"start":{"line":47,"column":5},"end":{"line":47,"column":11}},"25":{"start":{"line":52,"column":3},"end":{"line":52,"column":19}},"26":{"start":{"line":55,"column":2},"end":{"line":92,"column":4}},"27":{"start":{"line":57,"column":15},"end":{"line":57,"column":17}},"28":{"start":{"line":58,"column":3},"end":{"line":66,"column":5}},"29":{"start":{"line":60,"column":4},"end":{"line":63,"column":6}},"30":{"start":{"line":62,"column":5},"end":{"line":62,"column":108}},"31":{"start":{"line":64,"column":19},"end":{"line":64,"column":38}},"32":{"start":{"line":65,"column":4},"end":{"line":65,"column":32}},"33":{"start":{"line":67,"column":3},"end":{"line":76,"column":9}},"34":{"start":{"line":70,"column":4},"end":{"line":70,"column":18}},"35":{"start":{"line":78,"column":7},"end":{"line":92,"column":4}},"36":{"start":{"line":80,"column":3},"end":{"line":87,"column":7}},"37":{"start":{"line":82,"column":4},"end":{"line":82,"column":24}},"38":{"start":{"line":86,"column":4},"end":{"line":86,"column":23}},"39":{"start":{"line":91,"column":3},"end":{"line":91,"column":106}},"40":{"start":{"line":97,"column":0},"end":{"line":97,"column":25}}},"fnMap":{"0":{"name":"(anonymous_0)","decl":{"start":{"line":16,"column":23},"end":{"line":16,"column":24}},"loc":{"start":{"line":17,"column":1},"end":{"line":21,"column":2}},"line":17},"1":{"name":"(anonymous_1)","decl":{"start":{"line":19,"column":7},"end":{"line":19,"column":8}},"loc":{"start":{"line":19,"column":18},"end":{"line":19,"column":24}},"line":19},"2":{"name":"(anonymous_2)","decl":{"start":{"line":20,"column":8},"end":{"line":20,"column":9}},"loc":{"start":{"line":20,"column":18},"end":{"line":20,"column":23}},"line":20},"3":{"name":"analyze","decl":{"start":{"line":24,"column":9},"end":{"line":24,"column":16}},"loc":{"start":{"line":25,"column":1},"end":{"line":96,"column":2}},"line":25},"4":{"name":"(anonymous_4)","decl":{"start":{"line":26,"column":20},"end":{"line":26,"column":21}},"loc":{"start":{"line":27,"column":2},"end":{"line":95,"column":3}},"line":27},"5":{"name":"(anonymous_5)","decl":{"start":{"line":68,"column":9},"end":{"line":68,"column":10}},"loc":{"start":{"line":69,"column":4},"end":{"line":71,"column":5}},"line":69},"6":{"name":"(anonymous_6)","decl":{"start":{"line":80,"column":32},"end":{"line":80,"column":33}},"loc":{"start":{"line":81,"column":4},"end":{"line":83,"column":5}},"line":81},"7":{"name":"(anonymous_7)","decl":{"start":{"line":84,"column":10},"end":{"line":84,"column":11}},"loc":{"start":{"line":85,"column":4},"end":{"line":87,"column":5}},"line":85}},"branchMap":{"0":{"loc":{"start":{"line":29,"column":2},"end":{"line":53,"column":4}},"type":"if","locations":[{"start":{"line":29,"column":2},"end":{"line":53,"column":4}},{"start":{"line":29,"column":2},"end":{"line":53,"column":4}}],"line":29},"1":{"loc":{"start":{"line":31,"column":3},"end":{"line":48,"column":5}},"type":"switch","locations":[{"start":{"line":33,"column":4},"end":{"line":35,"column":11}},{"start":{"line":36,"column":4},"end":{"line":36,"column":14}},{"start":{"line":36,"column":15},"end":{"line":38,"column":11}},{"start":{"line":39,"column":4},"end":{"line":39,"column":14}},{"start":{"line":39,"column":15},"end":{"line":39,"column":25}},{"start":{"line":39,"column":26},"end":{"line":41,"column":11}},{"start":{"line":42,"column":4},"end":{"line":42,"column":14}},{"start":{"line":42,"column":15},"end":{"line":44,"column":11}},{"start":{"line":45,"column":4},"end":{"line":47,"column":11}}],"line":31},"2":{"loc":{"start":{"line":55,"column":2},"end":{"line":92,"column":4}},"type":"if","locations":[{"start":{"line":55,"column":2},"end":{"line":92,"column":4}},{"start":{"line":55,"column":2},"end":{"line":92,"column":4}}],"line":55},"3":{"loc":{"start":{"line":60,"column":4},"end":{"line":63,"column":6}},"type":"if","locations":[{"start":{"line":60,"column":4},"end":{"line":63,"column":6}},{"start":{"line":60,"column":4},"end":{"line":63,"column":6}}],"line":60},"4":{"loc":{"start":{"line":78,"column":7},"end":{"line":92,"column":4}},"type":"if","locations":[{"start":{"line":78,"column":7},"end":{"line":92,"column":4}},{"start":{"line":78,"column":7},"end":{"line":92,"column":4}}],"line":78}},"s":{"0":1,"1":1,"2":1,"3":1,"4":1,"5":1,"6":1,"7":1,"8":1,"9":14,"10":6,"11":6,"12":16,"13":16,"14":11,"15":1,"16":1,"17":3,"18":3,"19":3,"20":3,"21":3,"22":3,"23":1,"24":1,"25":5,"26":16,"27":5,"28":5,"29":14,"30":1,"31":14,"32":14,"33":5,"34":4,"35":11,"36":10,"37":5,"38":4,"39":1,"40":1},"f":{"0":14,"1":6,"2":6,"3":16,"4":16,"5":4,"6":5,"7":4},"b":{"0":[11,5],"1":[1,3,3,3,3,3,3,3,1],"2":[5,11],"3":[1,13],"4":[10,1]},"_coverageSchema":"332fd63041d2c1bcb487cc26dd0d5f7d97098a6c","hash":"d0abf142b30231af78646150ebf6c05aecaedf9f"}
,"C:\\Users\\Sephirothbahamut\\Documents\\Programming\\Node\\API\\api_calls\\all.js": {"path":"C:\\Users\\Sephirothbahamut\\Documents\\Programming\\Node\\API\\api_calls\\all.js","statementMap":{"0":{"start":{"line":2,"column":20},"end":{"line":2,"column":56}},"1":{"start":{"line":3,"column":17},"end":{"line":3,"column":50}},"2":{"start":{"line":4,"column":17},"end":{"line":4,"column":50}},"3":{"start":{"line":5,"column":15},"end":{"line":5,"column":50}},"4":{"start":{"line":15,"column":0},"end":{"line":48,"column":3}},"5":{"start":{"line":17,"column":1},"end":{"line":47,"column":5}},"6":{"start":{"line":24,"column":2},"end":{"line":45,"column":6}},"7":{"start":{"line":26,"column":15},"end":{"line":26,"column":17}},"8":{"start":{"line":27,"column":3},"end":{"line":27,"column":33}},"9":{"start":{"line":28,"column":3},"end":{"line":28,"column":30}},"10":{"start":{"line":29,"column":3},"end":{"line":29,"column":30}},"11":{"start":{"line":31,"column":3},"end":{"line":40,"column":9}},"12":{"start":{"line":34,"column":4},"end":{"line":34,"column":97}},"13":{"start":{"line":44,"column":3},"end":{"line":44,"column":22}}},"fnMap":{"0":{"name":"ask","decl":{"start":{"line":15,"column":26},"end":{"line":15,"column":29}},"loc":{"start":{"line":16,"column":1},"end":{"line":48,"column":2}},"line":16},"1":{"name":"(anonymous_1)","decl":{"start":{"line":17,"column":20},"end":{"line":17,"column":21}},"loc":{"start":{"line":18,"column":2},"end":{"line":47,"column":3}},"line":18},"2":{"name":"(anonymous_2)","decl":{"start":{"line":24,"column":31},"end":{"line":24,"column":32}},"loc":{"start":{"line":25,"column":3},"end":{"line":41,"column":4}},"line":25},"3":{"name":"(anonymous_3)","decl":{"start":{"line":32,"column":9},"end":{"line":32,"column":10}},"loc":{"start":{"line":33,"column":4},"end":{"line":35,"column":5}},"line":33},"4":{"name":"(anonymous_4)","decl":{"start":{"line":42,"column":9},"end":{"line":42,"column":10}},"loc":{"start":{"line":43,"column":3},"end":{"line":45,"column":4}},"line":43}},"branchMap":{},"s":{"0":1,"1":1,"2":1,"3":1,"4":1,"5":8,"6":8,"7":4,"8":4,"9":4,"10":4,"11":4,"12":2,"13":4},"f":{"0":8,"1":8,"2":4,"3":2,"4":4},"b":{},"_coverageSchema":"332fd63041d2c1bcb487cc26dd0d5f7d97098a6c","hash":"a91f62944ff6df2a5a719025ffdc20b001f80e65"}
,"C:\\Users\\Sephirothbahamut\\Documents\\Programming\\Node\\API\\api_calls\\amazon.js": {"path":"C:\\Users\\Sephirothbahamut\\Documents\\Programming\\Node\\API\\api_calls\\amazon.js","statementMap":{"0":{"start":{"line":4,"column":14},"end":{"line":4,"column":32}},"1":{"start":{"line":5,"column":10},"end":{"line":5,"column":28}},"2":{"start":{"line":7,"column":15},"end":{"line":7,"column":50}},"3":{"start":{"line":9,"column":0},"end":{"line":39,"column":2}},"4":{"start":{"line":11,"column":1},"end":{"line":38,"column":5}},"5":{"start":{"line":18,"column":2},"end":{"line":18,"column":63}},"6":{"start":{"line":19,"column":2},"end":{"line":19,"column":27}},"7":{"start":{"line":20,"column":20},"end":{"line":20,"column":41}},"8":{"start":{"line":22,"column":3},"end":{"line":28,"column":4}},"9":{"start":{"line":30,"column":2},"end":{"line":36,"column":6}},"10":{"start":{"line":32,"column":3},"end":{"line":35,"column":31}},"11":{"start":{"line":33,"column":5},"end":{"line":33,"column":24}},"12":{"start":{"line":35,"column":5},"end":{"line":35,"column":30}}},"fnMap":{"0":{"name":"(anonymous_0)","decl":{"start":{"line":9,"column":17},"end":{"line":9,"column":18}},"loc":{"start":{"line":10,"column":1},"end":{"line":39,"column":2}},"line":10},"1":{"name":"(anonymous_1)","decl":{"start":{"line":11,"column":20},"end":{"line":11,"column":21}},"loc":{"start":{"line":12,"column":2},"end":{"line":38,"column":3}},"line":12},"2":{"name":"(anonymous_2)","decl":{"start":{"line":30,"column":34},"end":{"line":30,"column":35}},"loc":{"start":{"line":31,"column":3},"end":{"line":36,"column":4}},"line":31}},"branchMap":{"0":{"loc":{"start":{"line":32,"column":3},"end":{"line":35,"column":31}},"type":"if","locations":[{"start":{"line":32,"column":3},"end":{"line":35,"column":31}},{"start":{"line":32,"column":3},"end":{"line":35,"column":31}}],"line":32}},"s":{"0":1,"1":1,"2":1,"3":1,"4":7,"5":7,"6":7,"7":7,"8":7,"9":7,"10":5,"11":0,"12":5},"f":{"0":7,"1":7,"2":5},"b":{"0":[0,5]},"_coverageSchema":"332fd63041d2c1bcb487cc26dd0d5f7d97098a6c","hash":"b728c7aa6249f3b435b44e5f087d3aeb4cce4288"}
,"C:\\Users\\Sephirothbahamut\\Documents\\Programming\\Node\\API\\api_calls\\amazon_wrapper.js": {"path":"C:\\Users\\Sephirothbahamut\\Documents\\Programming\\Node\\API\\api_calls\\amazon_wrapper.js","statementMap":{"0":{"start":{"line":2,"column":17},"end":{"line":2,"column":50}},"1":{"start":{"line":3,"column":15},"end":{"line":3,"column":50}},"2":{"start":{"line":5,"column":0},"end":{"line":32,"column":3}},"3":{"start":{"line":7,"column":1},"end":{"line":31,"column":5}},"4":{"start":{"line":14,"column":2},"end":{"line":29,"column":6}},"5":{"start":{"line":16,"column":3},"end":{"line":24,"column":7}},"6":{"start":{"line":19,"column":4},"end":{"line":19,"column":25}},"7":{"start":{"line":23,"column":4},"end":{"line":23,"column":16}},"8":{"start":{"line":28,"column":3},"end":{"line":28,"column":22}}},"fnMap":{"0":{"name":"ask","decl":{"start":{"line":5,"column":26},"end":{"line":5,"column":29}},"loc":{"start":{"line":6,"column":1},"end":{"line":32,"column":2}},"line":6},"1":{"name":"(anonymous_1)","decl":{"start":{"line":7,"column":20},"end":{"line":7,"column":21}},"loc":{"start":{"line":8,"column":2},"end":{"line":31,"column":3}},"line":8},"2":{"name":"(anonymous_2)","decl":{"start":{"line":14,"column":31},"end":{"line":14,"column":32}},"loc":{"start":{"line":15,"column":3},"end":{"line":25,"column":4}},"line":15},"3":{"name":"(anonymous_3)","decl":{"start":{"line":17,"column":9},"end":{"line":17,"column":10}},"loc":{"start":{"line":18,"column":4},"end":{"line":20,"column":5}},"line":18},"4":{"name":"(anonymous_4)","decl":{"start":{"line":21,"column":10},"end":{"line":21,"column":11}},"loc":{"start":{"line":22,"column":4},"end":{"line":24,"column":5}},"line":22},"5":{"name":"(anonymous_5)","decl":{"start":{"line":26,"column":9},"end":{"line":26,"column":10}},"loc":{"start":{"line":27,"column":3},"end":{"line":29,"column":4}},"line":27}},"branchMap":{},"s":{"0":1,"1":1,"2":1,"3":5,"4":5,"5":3,"6":3,"7":0,"8":2},"f":{"0":5,"1":5,"2":3,"3":3,"4":0,"5":2},"b":{},"_coverageSchema":"332fd63041d2c1bcb487cc26dd0d5f7d97098a6c","hash":"d89cf55d435049f91bb751573de3ae82b1feecaa"}
,"C:\\Users\\Sephirothbahamut\\Documents\\Programming\\Node\\API\\api_calls\\download.js": {"path":"C:\\Users\\Sephirothbahamut\\Documents\\Programming\\Node\\API\\api_calls\\download.js","statementMap":{"0":{"start":{"line":2,"column":14},"end":{"line":2,"column":32}},"1":{"start":{"line":3,"column":17},"end":{"line":3,"column":38}},"2":{"start":{"line":5,"column":0},"end":{"line":37,"column":2}},"3":{"start":{"line":7,"column":1},"end":{"line":36,"column":5}},"4":{"start":{"line":10,"column":3},"end":{"line":13,"column":4}},"5":{"start":{"line":17,"column":2},"end":{"line":34,"column":6}},"6":{"start":{"line":19,"column":3},"end":{"line":33,"column":5}},"7":{"start":{"line":21,"column":4},"end":{"line":21,"column":80}},"8":{"start":{"line":25,"column":4},"end":{"line":32,"column":6}},"9":{"start":{"line":27,"column":5},"end":{"line":27,"column":66}},"10":{"start":{"line":31,"column":5},"end":{"line":31,"column":81}}},"fnMap":{"0":{"name":"download","decl":{"start":{"line":5,"column":26},"end":{"line":5,"column":34}},"loc":{"start":{"line":6,"column":1},"end":{"line":37,"column":2}},"line":6},"1":{"name":"(anonymous_1)","decl":{"start":{"line":7,"column":20},"end":{"line":7,"column":21}},"loc":{"start":{"line":8,"column":2},"end":{"line":36,"column":3}},"line":8},"2":{"name":"(anonymous_2)","decl":{"start":{"line":17,"column":19},"end":{"line":17,"column":20}},"loc":{"start":{"line":18,"column":3},"end":{"line":34,"column":4}},"line":18}},"branchMap":{"0":{"loc":{"start":{"line":19,"column":3},"end":{"line":33,"column":5}},"type":"if","locations":[{"start":{"line":19,"column":3},"end":{"line":33,"column":5}},{"start":{"line":19,"column":3},"end":{"line":33,"column":5}}],"line":19},"1":{"loc":{"start":{"line":25,"column":4},"end":{"line":32,"column":6}},"type":"if","locations":[{"start":{"line":25,"column":4},"end":{"line":32,"column":6}},{"start":{"line":25,"column":4},"end":{"line":32,"column":6}}],"line":25}},"s":{"0":1,"1":1,"2":1,"3":18,"4":18,"5":18,"6":17,"7":4,"8":13,"9":10,"10":3},"f":{"0":18,"1":18,"2":17},"b":{"0":[4,13],"1":[10,3]},"_coverageSchema":"332fd63041d2c1bcb487cc26dd0d5f7d97098a6c","hash":"32d4150a2032390ec9c01e0d377c477ae0964a53"}
,"C:\\Users\\Sephirothbahamut\\Documents\\Programming\\Node\\API\\api_calls\\google.js": {"path":"C:\\Users\\Sephirothbahamut\\Documents\\Programming\\Node\\API\\api_calls\\google.js","statementMap":{"0":{"start":{"line":4,"column":14},"end":{"line":4,"column":32}},"1":{"start":{"line":5,"column":11},"end":{"line":5,"column":44}},"2":{"start":{"line":7,"column":0},"end":{"line":58,"column":2}},"3":{"start":{"line":9,"column":1},"end":{"line":57,"column":5}},"4":{"start":{"line":17,"column":16},"end":{"line":17,"column":56}},"5":{"start":{"line":19,"column":3},"end":{"line":33,"column":4}},"6":{"start":{"line":37,"column":3},"end":{"line":42,"column":4}},"7":{"start":{"line":45,"column":2},"end":{"line":55,"column":6}},"8":{"start":{"line":47,"column":3},"end":{"line":54,"column":5}},"9":{"start":{"line":48,"column":5},"end":{"line":48,"column":61}},"10":{"start":{"line":49,"column":8},"end":{"line":54,"column":5}},"11":{"start":{"line":50,"column":5},"end":{"line":50,"column":87}},"12":{"start":{"line":53,"column":4},"end":{"line":53,"column":47}}},"fnMap":{"0":{"name":"(anonymous_0)","decl":{"start":{"line":7,"column":17},"end":{"line":7,"column":18}},"loc":{"start":{"line":8,"column":1},"end":{"line":58,"column":2}},"line":8},"1":{"name":"(anonymous_1)","decl":{"start":{"line":9,"column":20},"end":{"line":9,"column":21}},"loc":{"start":{"line":10,"column":2},"end":{"line":57,"column":3}},"line":10},"2":{"name":"(anonymous_2)","decl":{"start":{"line":45,"column":34},"end":{"line":45,"column":35}},"loc":{"start":{"line":46,"column":3},"end":{"line":55,"column":4}},"line":46}},"branchMap":{"0":{"loc":{"start":{"line":47,"column":3},"end":{"line":54,"column":5}},"type":"if","locations":[{"start":{"line":47,"column":3},"end":{"line":54,"column":5}},{"start":{"line":47,"column":3},"end":{"line":54,"column":5}}],"line":47},"1":{"loc":{"start":{"line":49,"column":8},"end":{"line":54,"column":5}},"type":"if","locations":[{"start":{"line":49,"column":8},"end":{"line":54,"column":5}},{"start":{"line":49,"column":8},"end":{"line":54,"column":5}}],"line":49}},"s":{"0":1,"1":1,"2":1,"3":7,"4":7,"5":7,"6":7,"7":7,"8":6,"9":0,"10":6,"11":0,"12":6},"f":{"0":7,"1":7,"2":6},"b":{"0":[0,6],"1":[0,6]},"_coverageSchema":"332fd63041d2c1bcb487cc26dd0d5f7d97098a6c","hash":"15033d89504ea671ec7ce48ce3db4741976e03ed"}
,"C:\\Users\\Sephirothbahamut\\Documents\\Programming\\Node\\API\\api_calls\\google_wrapper.js": {"path":"C:\\Users\\Sephirothbahamut\\Documents\\Programming\\Node\\API\\api_calls\\google_wrapper.js","statementMap":{"0":{"start":{"line":2,"column":17},"end":{"line":2,"column":50}},"1":{"start":{"line":3,"column":15},"end":{"line":3,"column":50}},"2":{"start":{"line":5,"column":0},"end":{"line":33,"column":3}},"3":{"start":{"line":7,"column":1},"end":{"line":32,"column":5}},"4":{"start":{"line":14,"column":2},"end":{"line":30,"column":6}},"5":{"start":{"line":17,"column":3},"end":{"line":25,"column":7}},"6":{"start":{"line":20,"column":4},"end":{"line":20,"column":25}},"7":{"start":{"line":24,"column":4},"end":{"line":24,"column":16}},"8":{"start":{"line":29,"column":3},"end":{"line":29,"column":22}}},"fnMap":{"0":{"name":"ask","decl":{"start":{"line":5,"column":26},"end":{"line":5,"column":29}},"loc":{"start":{"line":6,"column":1},"end":{"line":33,"column":2}},"line":6},"1":{"name":"(anonymous_1)","decl":{"start":{"line":7,"column":20},"end":{"line":7,"column":21}},"loc":{"start":{"line":8,"column":2},"end":{"line":32,"column":3}},"line":8},"2":{"name":"(anonymous_2)","decl":{"start":{"line":14,"column":31},"end":{"line":14,"column":32}},"loc":{"start":{"line":15,"column":3},"end":{"line":26,"column":4}},"line":15},"3":{"name":"(anonymous_3)","decl":{"start":{"line":18,"column":9},"end":{"line":18,"column":10}},"loc":{"start":{"line":19,"column":4},"end":{"line":21,"column":5}},"line":19},"4":{"name":"(anonymous_4)","decl":{"start":{"line":22,"column":10},"end":{"line":22,"column":11}},"loc":{"start":{"line":23,"column":4},"end":{"line":25,"column":5}},"line":23},"5":{"name":"(anonymous_5)","decl":{"start":{"line":27,"column":9},"end":{"line":27,"column":10}},"loc":{"start":{"line":28,"column":3},"end":{"line":30,"column":4}},"line":28}},"branchMap":{},"s":{"0":1,"1":1,"2":1,"3":5,"4":5,"5":3,"6":3,"7":0,"8":2},"f":{"0":5,"1":5,"2":3,"3":3,"4":0,"5":2},"b":{},"_coverageSchema":"332fd63041d2c1bcb487cc26dd0d5f7d97098a6c","hash":"3c3480c837e2b70f7393ed9a5db35a12959523d1"}
,"C:\\Users\\Sephirothbahamut\\Documents\\Programming\\Node\\API\\api_calls\\microsoft.js": {"path":"C:\\Users\\Sephirothbahamut\\Documents\\Programming\\Node\\API\\api_calls\\microsoft.js","statementMap":{"0":{"start":{"line":4,"column":14},"end":{"line":4,"column":32}},"1":{"start":{"line":5,"column":11},"end":{"line":5,"column":44}},"2":{"start":{"line":7,"column":0},"end":{"line":53,"column":2}},"3":{"start":{"line":9,"column":1},"end":{"line":52,"column":5}},"4":{"start":{"line":17,"column":32},"end":{"line":20,"column":18}},"5":{"start":{"line":23,"column":3},"end":{"line":25,"column":4}},"6":{"start":{"line":28,"column":3},"end":{"line":37,"column":4}},"7":{"start":{"line":40,"column":2},"end":{"line":50,"column":6}},"8":{"start":{"line":42,"column":3},"end":{"line":49,"column":36}},"9":{"start":{"line":43,"column":5},"end":{"line":43,"column":61}},"10":{"start":{"line":44,"column":8},"end":{"line":49,"column":36}},"11":{"start":{"line":46,"column":4},"end":{"line":46,"column":86}},"12":{"start":{"line":49,"column":5},"end":{"line":49,"column":35}}},"fnMap":{"0":{"name":"(anonymous_0)","decl":{"start":{"line":7,"column":17},"end":{"line":7,"column":18}},"loc":{"start":{"line":8,"column":1},"end":{"line":53,"column":2}},"line":8},"1":{"name":"(anonymous_1)","decl":{"start":{"line":9,"column":20},"end":{"line":9,"column":21}},"loc":{"start":{"line":10,"column":2},"end":{"line":52,"column":3}},"line":10},"2":{"name":"(anonymous_2)","decl":{"start":{"line":40,"column":37},"end":{"line":40,"column":38}},"loc":{"start":{"line":41,"column":3},"end":{"line":50,"column":4}},"line":41}},"branchMap":{"0":{"loc":{"start":{"line":42,"column":3},"end":{"line":49,"column":36}},"type":"if","locations":[{"start":{"line":42,"column":3},"end":{"line":49,"column":36}},{"start":{"line":42,"column":3},"end":{"line":49,"column":36}}],"line":42},"1":{"loc":{"start":{"line":44,"column":8},"end":{"line":49,"column":36}},"type":"if","locations":[{"start":{"line":44,"column":8},"end":{"line":49,"column":36}},{"start":{"line":44,"column":8},"end":{"line":49,"column":36}}],"line":44}},"s":{"0":1,"1":1,"2":1,"3":9,"4":9,"5":9,"6":9,"7":9,"8":8,"9":0,"10":8,"11":3,"12":5},"f":{"0":9,"1":9,"2":8},"b":{"0":[0,8],"1":[3,5]},"_coverageSchema":"332fd63041d2c1bcb487cc26dd0d5f7d97098a6c","hash":"cec2fb64a17b766a2d7b0c1fd31a4c4e8d952d68"}
}
