TN:
SF:C:\Users\Sephirothbahamut\Documents\Programming\Node\API\analyze.js
FN:16,(anonymous_0)
FN:19,(anonymous_1)
FN:20,(anonymous_2)
FN:24,analyze
FN:26,(anonymous_4)
FN:68,(anonymous_5)
FN:80,(anonymous_6)
FN:84,(anonymous_7)
FNF:8
FNH:8
FNDA:14,(anonymous_0)
FNDA:4,(anonymous_1)
FNDA:8,(anonymous_2)
FNDA:16,analyze
FNDA:16,(anonymous_4)
FNDA:4,(anonymous_5)
FNDA:2,(anonymous_6)
FNDA:5,(anonymous_7)
DA:1,1
DA:2,1
DA:3,1
DA:4,1
DA:9,1
DA:10,1
DA:11,1
DA:12,1
DA:16,1
DA:18,14
DA:19,4
DA:20,8
DA:26,16
DA:29,16
DA:31,11
DA:34,1
DA:35,1
DA:37,3
DA:38,3
DA:40,3
DA:41,3
DA:43,3
DA:44,3
DA:46,1
DA:47,1
DA:52,5
DA:55,16
DA:57,5
DA:58,5
DA:60,14
DA:62,1
DA:64,14
DA:65,14
DA:67,5
DA:70,4
DA:78,11
DA:80,10
DA:82,2
DA:86,5
DA:91,1
DA:97,1
LF:41
LH:41
BRDA:29,0,0,11
BRDA:29,0,1,5
BRDA:31,1,0,1
BRDA:31,1,1,3
BRDA:31,1,2,3
BRDA:31,1,3,3
BRDA:31,1,4,3
BRDA:31,1,5,3
BRDA:31,1,6,3
BRDA:31,1,7,3
BRDA:31,1,8,1
BRDA:55,2,0,5
BRDA:55,2,1,11
BRDA:60,3,0,1
BRDA:60,3,1,13
BRDA:78,4,0,10
BRDA:78,4,1,1
BRF:17
BRH:17
end_of_record
TN:
SF:C:\Users\Sephirothbahamut\Documents\Programming\Node\API\api_calls\all.js
FN:15,ask
FN:17,(anonymous_1)
FN:24,(anonymous_2)
FN:32,(anonymous_3)
FN:42,(anonymous_4)
FNF:5
FNH:4
FNDA:8,ask
FNDA:8,(anonymous_1)
FNDA:3,(anonymous_2)
FNDA:0,(anonymous_3)
FNDA:4,(anonymous_4)
DA:2,1
DA:3,1
DA:4,1
DA:5,1
DA:15,1
DA:17,8
DA:24,8
DA:26,3
DA:27,3
DA:28,3
DA:29,3
DA:31,3
DA:34,0
DA:44,4
LF:14
LH:13
BRF:0
BRH:0
end_of_record
TN:
SF:C:\Users\Sephirothbahamut\Documents\Programming\Node\API\api_calls\amazon.js
FN:9,(anonymous_0)
FN:11,(anonymous_1)
FN:31,(anonymous_2)
FNF:3
FNH:3
FNDA:6,(anonymous_0)
FNDA:6,(anonymous_1)
FNDA:6,(anonymous_2)
DA:4,1
DA:5,1
DA:7,1
DA:9,1
DA:11,6
DA:18,6
DA:19,6
DA:20,6
DA:21,6
DA:23,6
DA:31,6
DA:33,6
DA:34,6
DA:36,0
LF:14
LH:13
BRDA:33,0,0,6
BRDA:33,0,1,0
BRF:2
BRH:1
end_of_record
TN:
SF:C:\Users\Sephirothbahamut\Documents\Programming\Node\API\api_calls\amazon_wrapper.js
FN:5,ask
FN:7,(anonymous_1)
FN:14,(anonymous_2)
FN:17,(anonymous_3)
FN:21,(anonymous_4)
FN:26,(anonymous_5)
FNF:6
FNH:5
FNDA:5,ask
FNDA:5,(anonymous_1)
FNDA:3,(anonymous_2)
FNDA:0,(anonymous_3)
FNDA:3,(anonymous_4)
FNDA:2,(anonymous_5)
DA:2,1
DA:3,1
DA:5,1
DA:7,5
DA:14,5
DA:16,3
DA:19,0
DA:23,3
DA:28,2
LF:9
LH:8
BRF:0
BRH:0
end_of_record
TN:
SF:C:\Users\Sephirothbahamut\Documents\Programming\Node\API\api_calls\download.js
FN:5,download
FN:7,(anonymous_1)
FN:17,(anonymous_2)
FNF:3
FNH:3
FNDA:18,download
FNDA:18,(anonymous_1)
FNDA:16,(anonymous_2)
DA:2,1
DA:3,1
DA:5,1
DA:7,18
DA:10,18
DA:17,18
DA:19,16
DA:21,3
DA:25,13
DA:27,9
DA:31,4
LF:11
LH:11
BRDA:19,0,0,3
BRDA:19,0,1,13
BRDA:25,1,0,9
BRDA:25,1,1,4
BRF:4
BRH:4
end_of_record
TN:
SF:C:\Users\Sephirothbahamut\Documents\Programming\Node\API\api_calls\google.js
FN:7,(anonymous_0)
FN:9,(anonymous_1)
FN:45,(anonymous_2)
FNF:3
FNH:3
FNDA:6,(anonymous_0)
FNDA:6,(anonymous_1)
FNDA:4,(anonymous_2)
DA:4,1
DA:5,1
DA:7,1
DA:9,6
DA:17,6
DA:19,6
DA:37,6
DA:45,6
DA:47,4
DA:48,0
DA:49,4
DA:50,0
DA:53,4
LF:13
LH:11
BRDA:47,0,0,0
BRDA:47,0,1,4
BRDA:49,1,0,0
BRDA:49,1,1,4
BRF:4
BRH:2
end_of_record
TN:
SF:C:\Users\Sephirothbahamut\Documents\Programming\Node\API\api_calls\google_wrapper.js
FN:5,ask
FN:7,(anonymous_1)
FN:14,(anonymous_2)
FN:18,(anonymous_3)
FN:22,(anonymous_4)
FN:27,(anonymous_5)
FNF:6
FNH:5
FNDA:5,ask
FNDA:5,(anonymous_1)
FNDA:3,(anonymous_2)
FNDA:3,(anonymous_3)
FNDA:0,(anonymous_4)
FNDA:2,(anonymous_5)
DA:2,1
DA:3,1
DA:5,1
DA:7,5
DA:14,5
DA:17,3
DA:20,3
DA:24,0
DA:29,2
LF:9
LH:8
BRF:0
BRH:0
end_of_record
TN:
SF:C:\Users\Sephirothbahamut\Documents\Programming\Node\API\api_calls\microsoft.js
FN:7,(anonymous_0)
FN:9,(anonymous_1)
FN:40,(anonymous_2)
FNF:3
FNH:3
FNDA:8,(anonymous_0)
FNDA:8,(anonymous_1)
FNDA:6,(anonymous_2)
DA:4,1
DA:5,1
DA:7,1
DA:9,8
DA:17,8
DA:23,8
DA:28,8
DA:40,8
DA:42,6
DA:43,0
DA:44,6
DA:46,2
DA:49,4
LF:13
LH:12
BRDA:42,0,0,0
BRDA:42,0,1,6
BRDA:44,1,0,2
BRDA:44,1,1,4
BRF:4
BRH:3
end_of_record
